<?xml version="1.0" encoding="UTF-8"?>
<!-- Generated by org.testng.reporters.JUnitXMLReporter -->
<testsuite ignored="0" hostname="DESKTOP-L558MLK" failures="5" tests="7" name="Test" time="222.882" errors="0" timestamp="2022-11-25T15:42:17 EET">
  <testcase classname="tests.UserRegistrationTest" name="UserCanRegisterWithVaildData" time="20.157"/>
  <testcase classname="tests.UserRegistrationTest" name="UserCannotRegisterWithFirstnNameStartsWithSmallLetter" time="22.292">
    <failure type="java.lang.AssertionError" message="we can register with small letters on last name expected [false] but found [true]">
      <![CDATA[java.lang.AssertionError: we can register with small letters on last name expected [false] but found [true]
at tests.UserRegistrationTest.UserCannotRegisterWithFirstnNameStartsWithSmallLetter(UserRegistrationTest.java:143)
at java.base/java.util.ArrayList.forEach(ArrayList.java:1511)
... Removed 32 stack frames]]>
    </failure>
  </testcase> <!-- UserCannotRegisterWithFirstnNameStartsWithSmallLetter -->
  <testcase classname="tests.UserRegistrationTest" name="UserCannotRegisterWithLastNameStartsWithSmallLetter" time="19.692">
    <failure type="java.lang.AssertionError" message="we can register with small letters on last name expected [false] but found [true]">
      <![CDATA[java.lang.AssertionError: we can register with small letters on last name expected [false] but found [true]
at tests.UserRegistrationTest.UserCannotRegisterWithLastNameStartsWithSmallLetter(UserRegistrationTest.java:165)
at java.base/java.util.ArrayList.forEach(ArrayList.java:1511)
... Removed 32 stack frames]]>
    </failure>
  </testcase> <!-- UserCannotRegisterWithLastNameStartsWithSmallLetter -->
  <testcase classname="tests.UserRegistrationTest" name="UserCannotRegisterWithFirstnNameAndLastNameWhenMatched" time="23.126">
    <failure type="java.lang.AssertionError" message="we can not register  in case firstName and LastName when are not matched expected [false] but found [true]">
      <![CDATA[java.lang.AssertionError: we can not register  in case firstName and LastName when are not matched expected [false] but found [true]
at tests.UserRegistrationTest.UserCannotRegisterWithFirstnNameAndLastNameWhenMatched(UserRegistrationTest.java:190)
at java.base/java.util.ArrayList.forEach(ArrayList.java:1511)
... Removed 32 stack frames]]>
    </failure>
  </testcase> <!-- UserCannotRegisterWithFirstnNameAndLastNameWhenMatched -->
  <testcase classname="tests.UserRegistrationTest" name="UserCannotRegisterWithInvalidMobileNumber" time="22.32">
    <failure type="java.lang.AssertionError" message="we can register With Invalid Mobile Number expected [false] but found [true]">
      <![CDATA[java.lang.AssertionError: we can register With Invalid Mobile Number expected [false] but found [true]
at tests.UserRegistrationTest.UserCannotRegisterWithInvalidMobileNumber(UserRegistrationTest.java:212)
at java.base/java.util.ArrayList.forEach(ArrayList.java:1511)
... Removed 32 stack frames]]>
    </failure>
  </testcase> <!-- UserCannotRegisterWithInvalidMobileNumber -->
  <testcase classname="tests.UserRegistrationTest" name="UserCannotRegisterWithInvalidEmail" time="65.467"/>
  <testcase classname="tests.UserRegistrationTest" name="UserCannotRegisterWithExistingEmail" time="21.456">
    <failure type="java.lang.AssertionError" message="we can register With Existing Email expected [false] but found [true]">
      <![CDATA[java.lang.AssertionError: we can register With Existing Email expected [false] but found [true]
at tests.UserRegistrationTest.UserCannotRegisterWithExistingEmail(UserRegistrationTest.java:261)
at java.base/java.util.ArrayList.forEach(ArrayList.java:1511)
... Removed 32 stack frames]]>
    </failure>
  </testcase> <!-- UserCannotRegisterWithExistingEmail -->
</testsuite> <!-- Test -->
